11-Jul-2023 09:22:10.315 信息 [main] org.apache.catalina.startup.VersionLoggerListener.log Server.服务器版本: Apache Tomcat/9.0.78
11-Jul-2023 09:22:10.427 信息 [main] org.apache.catalina.startup.VersionLoggerListener.log 服务器构建:        Jul 4 2023 13:15:43 UTC
11-Jul-2023 09:22:10.428 信息 [main] org.apache.catalina.startup.VersionLoggerListener.log 服务器版本号:      9.0.78.0
11-Jul-2023 09:22:10.430 信息 [main] org.apache.catalina.startup.VersionLoggerListener.log 操作系统名称:      Windows 11
11-Jul-2023 09:22:10.431 信息 [main] org.apache.catalina.startup.VersionLoggerListener.log OS.版本:           10.0
11-Jul-2023 09:22:10.431 信息 [main] org.apache.catalina.startup.VersionLoggerListener.log 架构:              amd64
11-Jul-2023 09:22:10.431 信息 [main] org.apache.catalina.startup.VersionLoggerListener.log Java 环境变量:     C:\Program Files\Java\jdk-11.0.15.1
11-Jul-2023 09:22:10.433 信息 [main] org.apache.catalina.startup.VersionLoggerListener.log Java虚拟机版本:    11.0.15.1+2-LTS-10
11-Jul-2023 09:22:10.434 信息 [main] org.apache.catalina.startup.VersionLoggerListener.log JVM.供应商:        Oracle Corporation
11-Jul-2023 09:22:10.434 信息 [main] org.apache.catalina.startup.VersionLoggerListener.log CATALINA_BASE:     D:\project\01back\apache-tomcat-9.0.78
11-Jul-2023 09:22:10.434 信息 [main] org.apache.catalina.startup.VersionLoggerListener.log CATALINA_HOME:     D:\project\01back\apache-tomcat-9.0.78
11-Jul-2023 09:22:10.436 信息 [main] org.apache.catalina.startup.VersionLoggerListener.log 命令行参数：       --add-opens=java.base/java.lang=ALL-UNNAMED
11-Jul-2023 09:22:10.436 信息 [main] org.apache.catalina.startup.VersionLoggerListener.log 命令行参数：       --add-opens=java.base/java.io=ALL-UNNAMED
11-Jul-2023 09:22:10.437 信息 [main] org.apache.catalina.startup.VersionLoggerListener.log 命令行参数：       --add-opens=java.base/java.util=ALL-UNNAMED
11-Jul-2023 09:22:10.437 信息 [main] org.apache.catalina.startup.VersionLoggerListener.log 命令行参数：       --add-opens=java.base/java.util.concurrent=ALL-UNNAMED
11-Jul-2023 09:22:10.438 信息 [main] org.apache.catalina.startup.VersionLoggerListener.log 命令行参数：       --add-opens=java.rmi/sun.rmi.transport=ALL-UNNAMED
11-Jul-2023 09:22:10.439 信息 [main] org.apache.catalina.startup.VersionLoggerListener.log 命令行参数：       -Djava.util.logging.config.file=D:\project\01back\apache-tomcat-9.0.78\conf\logging.properties
11-Jul-2023 09:22:10.440 信息 [main] org.apache.catalina.startup.VersionLoggerListener.log 命令行参数：       -Djava.util.logging.manager=org.apache.juli.ClassLoaderLogManager
11-Jul-2023 09:22:10.442 信息 [main] org.apache.catalina.startup.VersionLoggerListener.log 命令行参数：       -Djdk.tls.ephemeralDHKeySize=2048
11-Jul-2023 09:22:10.671 信息 [main] org.apache.catalina.startup.VersionLoggerListener.log 命令行参数：       -Djava.protocol.handler.pkgs=org.apache.catalina.webresources
11-Jul-2023 09:22:10.671 信息 [main] org.apache.catalina.startup.VersionLoggerListener.log 命令行参数：       -Dignore.endorsed.dirs=
11-Jul-2023 09:22:10.672 信息 [main] org.apache.catalina.startup.VersionLoggerListener.log 命令行参数：       -Dcatalina.base=D:\project\01back\apache-tomcat-9.0.78
11-Jul-2023 09:22:10.673 信息 [main] org.apache.catalina.startup.VersionLoggerListener.log 命令行参数：       -Dcatalina.home=D:\project\01back\apache-tomcat-9.0.78
11-Jul-2023 09:22:10.673 信息 [main] org.apache.catalina.startup.VersionLoggerListener.log 命令行参数：       -Djava.io.tmpdir=D:\project\01back\apache-tomcat-9.0.78\temp
11-Jul-2023 09:22:10.687 信息 [main] org.apache.catalina.core.AprLifecycleListener.lifecycleEvent 在java.library.path:[C:\Program Files\Java\jdk-11.0.15.1\bin;C:\Windows\Sun\Java\bin;C:\Windows\system32;C:\Windows;C:\Program Files\Java\jdk-11.0.15.1\bin:C:\Program Files\Common Files\Oracle\Java\javapath;C:\Windows\system32;C:\Windows;C:\Windows\System32\Wbem;C:\Windows\System32\WindowsPowerShell\v1.0\;C:\Windows\System32\OpenSSH\;C:\Program Files (x86)\NVIDIA Corporation\PhysX\Common;C:\Program Files\NVIDIA Corporation\NVIDIA NvDLISR;C:\Windows\system32;C:\Windows;C:\Windows\System32\Wbem;C:\Windows\System32\WindowsPowerShell\v1.0\;C:\Windows\System32\OpenSSH\;E:\软件\python环境;D:\;rogram Files\MySQL\MySQL Server 8.0\bin;E:\installAPP\node\;E:\BaiduNetdiskDownload\antdownload 3.0.6;E:\installAPP\mongodb\bin\mongodb-database-tools-windows-x86_64-100.5.3\bin;E:\installAPP\python2.7;E:\installAPP\Xshell\;E:\installAPP\Redis-x64-3.0.504;E:\软件\微信web开发者工具\dll;%MAVEN_H;ME%\bin;C:\Program Files\Java\jdk-11.0.15.1\bin;C:\Program Files\Java\jdk-11.0.15.1\jre\bin;C:\Program Files\Git\cmd;C:\Users\张张\AppData\Local\Programs\Python\Python310\Scripts\;C:\Users\张张\AppData\Local\Programs\Python\Python310\;E:\软件\Scripts\;E:\软件\;C:\Users\张张\AppData\Local\Microsoft\WindowsApps;E:\installAPP\PyCharm Community Edition 2023.1.3\bin;;E:\installAPP\WebStorm 2022.3.1\bin;;E:\软件\datagrip\DataGrip 2021.2.4\bin;;E:\installAPP\IntelliJ IDEA 2023.1.3\bin;;C:\Program Files\Bandizip\;C:\Users\张张\AppData\Roaming\npm;.]上找不到基于APR的Apache Tomcat本机库，该库允许在生产环境中获得最佳性能
11-Jul-2023 09:22:11.426 信息 [main] org.apache.coyote.AbstractProtocol.init 初始化协议处理器 ["http-nio-8080"]
11-Jul-2023 09:22:11.463 严重 [main] org.apache.catalina.util.LifecycleBase.handleSubClassException 初始化组件[Connector[HTTP/1.1-8080]]失败。
	org.apache.catalina.LifecycleException: 协议处理程序初始化失败
		at org.apache.catalina.connector.Connector.initInternal(Connector.java:1011)
		at org.apache.catalina.util.LifecycleBase.init(LifecycleBase.java:136)
		at org.apache.catalina.core.StandardService.initInternal(StandardService.java:549)
		at org.apache.catalina.util.LifecycleBase.init(LifecycleBase.java:136)
		at org.apache.catalina.core.StandardServer.initInternal(StandardServer.java:1040)
		at org.apache.catalina.util.LifecycleBase.init(LifecycleBase.java:136)
		at org.apache.catalina.startup.Catalina.load(Catalina.java:724)
		at org.apache.catalina.startup.Catalina.load(Catalina.java:746)
		at java.base/jdk.internal.reflect.NativeMethodAccessorImpl.invoke0(Native Method)
		at java.base/jdk.internal.reflect.NativeMethodAccessorImpl.invoke(NativeMethodAccessorImpl.java:62)
		at java.base/jdk.internal.reflect.DelegatingMethodAccessorImpl.invoke(DelegatingMethodAccessorImpl.java:43)
		at java.base/java.lang.reflect.Method.invoke(Method.java:566)
		at org.apache.catalina.startup.Bootstrap.load(Bootstrap.java:307)
		at org.apache.catalina.startup.Bootstrap.main(Bootstrap.java:477)
	Caused by: java.net.BindException: Address already in use: bind
		at java.base/sun.nio.ch.Net.bind0(Native Method)
		at java.base/sun.nio.ch.Net.bind(Net.java:459)
		at java.base/sun.nio.ch.Net.bind(Net.java:448)
		at java.base/sun.nio.ch.ServerSocketChannelImpl.bind(ServerSocketChannelImpl.java:227)
		at org.apache.tomcat.util.net.NioEndpoint.initServerSocket(NioEndpoint.java:276)
		at org.apache.tomcat.util.net.NioEndpoint.bind(NioEndpoint.java:231)
		at org.apache.tomcat.util.net.AbstractEndpoint.bindWithCleanup(AbstractEndpoint.java:1324)
		at org.apache.tomcat.util.net.AbstractEndpoint.init(AbstractEndpoint.java:1337)
		at org.apache.coyote.AbstractProtocol.init(AbstractProtocol.java:652)
		at org.apache.coyote.http11.AbstractHttp11Protocol.init(AbstractHttp11Protocol.java:75)
		at org.apache.catalina.connector.Connector.initInternal(Connector.java:1009)
		... 13 more
11-Jul-2023 09:22:11.485 信息 [main] org.apache.catalina.startup.Catalina.load 服务器在[1619]毫秒内初始化
11-Jul-2023 09:22:11.611 信息 [main] org.apache.catalina.core.StandardService.startInternal 正在启动服务[Catalina]
11-Jul-2023 09:22:11.611 信息 [main] org.apache.catalina.core.StandardEngine.startInternal 正在启动 Servlet 引擎：[Apache Tomcat/9.0.78]
11-Jul-2023 09:22:11.634 信息 [main] org.apache.catalina.startup.HostConfig.deployDirectory 把web 应用程序部署到目录 [D:\project\01back\apache-tomcat-9.0.78\webapps\docs]
11-Jul-2023 09:22:13.033 警告 [main] org.apache.catalina.util.SessionIdGeneratorBase.createSecureRandom 使用[SHA1PRNG]创建会话ID生成的SecureRandom实例花费了[912]毫秒。
11-Jul-2023 09:23:38.912 信息 [main] org.apache.catalina.startup.VersionLoggerListener.log Server.服务器版本: Apache Tomcat/9.0.78
11-Jul-2023 09:23:38.919 信息 [main] org.apache.catalina.startup.VersionLoggerListener.log 服务器构建:        Jul 4 2023 13:15:43 UTC
11-Jul-2023 09:23:39.017 信息 [main] org.apache.catalina.startup.VersionLoggerListener.log 服务器版本号:      9.0.78.0
11-Jul-2023 09:23:39.017 信息 [main] org.apache.catalina.startup.VersionLoggerListener.log 操作系统名称:      Windows 11
11-Jul-2023 09:23:39.018 信息 [main] org.apache.catalina.startup.VersionLoggerListener.log OS.版本:           10.0
11-Jul-2023 09:23:39.018 信息 [main] org.apache.catalina.startup.VersionLoggerListener.log 架构:              amd64
11-Jul-2023 09:23:39.018 信息 [main] org.apache.catalina.startup.VersionLoggerListener.log Java 环境变量:     C:\Program Files\Java\jdk-11.0.15.1
11-Jul-2023 09:23:39.018 信息 [main] org.apache.catalina.startup.VersionLoggerListener.log Java虚拟机版本:    11.0.15.1+2-LTS-10
11-Jul-2023 09:23:39.018 信息 [main] org.apache.catalina.startup.VersionLoggerListener.log JVM.供应商:        Oracle Corporation
11-Jul-2023 09:23:39.019 信息 [main] org.apache.catalina.startup.VersionLoggerListener.log CATALINA_BASE:     D:\project\01back\apache-tomcat-9.0.78
11-Jul-2023 09:23:39.019 信息 [main] org.apache.catalina.startup.VersionLoggerListener.log CATALINA_HOME:     D:\project\01back\apache-tomcat-9.0.78
11-Jul-2023 09:23:39.020 信息 [main] org.apache.catalina.startup.VersionLoggerListener.log 命令行参数：       --add-opens=java.base/java.lang=ALL-UNNAMED
11-Jul-2023 09:23:39.020 信息 [main] org.apache.catalina.startup.VersionLoggerListener.log 命令行参数：       --add-opens=java.base/java.io=ALL-UNNAMED
11-Jul-2023 09:23:39.020 信息 [main] org.apache.catalina.startup.VersionLoggerListener.log 命令行参数：       --add-opens=java.base/java.util=ALL-UNNAMED
11-Jul-2023 09:23:39.020 信息 [main] org.apache.catalina.startup.VersionLoggerListener.log 命令行参数：       --add-opens=java.base/java.util.concurrent=ALL-UNNAMED
11-Jul-2023 09:23:39.021 信息 [main] org.apache.catalina.startup.VersionLoggerListener.log 命令行参数：       --add-opens=java.rmi/sun.rmi.transport=ALL-UNNAMED
11-Jul-2023 09:23:39.021 信息 [main] org.apache.catalina.startup.VersionLoggerListener.log 命令行参数：       -Djava.util.logging.config.file=D:\project\01back\apache-tomcat-9.0.78\conf\logging.properties
11-Jul-2023 09:23:39.022 信息 [main] org.apache.catalina.startup.VersionLoggerListener.log 命令行参数：       -Djava.util.logging.manager=org.apache.juli.ClassLoaderLogManager
11-Jul-2023 09:23:39.022 信息 [main] org.apache.catalina.startup.VersionLoggerListener.log 命令行参数：       -Djdk.tls.ephemeralDHKeySize=2048
11-Jul-2023 09:23:39.022 信息 [main] org.apache.catalina.startup.VersionLoggerListener.log 命令行参数：       -Djava.protocol.handler.pkgs=org.apache.catalina.webresources
11-Jul-2023 09:23:39.023 信息 [main] org.apache.catalina.startup.VersionLoggerListener.log 命令行参数：       -Dignore.endorsed.dirs=
11-Jul-2023 09:23:39.023 信息 [main] org.apache.catalina.startup.VersionLoggerListener.log 命令行参数：       -Dcatalina.base=D:\project\01back\apache-tomcat-9.0.78
11-Jul-2023 09:23:39.023 信息 [main] org.apache.catalina.startup.VersionLoggerListener.log 命令行参数：       -Dcatalina.home=D:\project\01back\apache-tomcat-9.0.78
11-Jul-2023 09:23:39.024 信息 [main] org.apache.catalina.startup.VersionLoggerListener.log 命令行参数：       -Djava.io.tmpdir=D:\project\01back\apache-tomcat-9.0.78\temp
11-Jul-2023 09:23:39.033 信息 [main] org.apache.catalina.core.AprLifecycleListener.lifecycleEvent 在java.library.path:[C:\Program Files\Java\jdk-11.0.15.1\bin;C:\Windows\Sun\Java\bin;C:\Windows\system32;C:\Windows;C:\Program Files\Java\jdk-11.0.15.1\bin:C:\Program Files\Common Files\Oracle\Java\javapath;C:\Windows\system32;C:\Windows;C:\Windows\System32\Wbem;C:\Windows\System32\WindowsPowerShell\v1.0\;C:\Windows\System32\OpenSSH\;C:\Program Files (x86)\NVIDIA Corporation\PhysX\Common;C:\Program Files\NVIDIA Corporation\NVIDIA NvDLISR;C:\Windows\system32;C:\Windows;C:\Windows\System32\Wbem;C:\Windows\System32\WindowsPowerShell\v1.0\;C:\Windows\System32\OpenSSH\;E:\软件\python环境;D:\;rogram Files\MySQL\MySQL Server 8.0\bin;E:\installAPP\node\;E:\BaiduNetdiskDownload\antdownload 3.0.6;E:\installAPP\mongodb\bin\mongodb-database-tools-windows-x86_64-100.5.3\bin;E:\installAPP\python2.7;E:\installAPP\Xshell\;E:\installAPP\Redis-x64-3.0.504;E:\软件\微信web开发者工具\dll;%MAVEN_H;ME%\bin;C:\Program Files\Java\jdk-11.0.15.1\bin;C:\Program Files\Java\jdk-11.0.15.1\jre\bin;C:\Program Files\Git\cmd;C:\Users\张张\AppData\Local\Programs\Python\Python310\Scripts\;C:\Users\张张\AppData\Local\Programs\Python\Python310\;E:\软件\Scripts\;E:\软件\;C:\Users\张张\AppData\Local\Microsoft\WindowsApps;E:\installAPP\PyCharm Community Edition 2023.1.3\bin;;E:\installAPP\WebStorm 2022.3.1\bin;;E:\软件\datagrip\DataGrip 2021.2.4\bin;;E:\installAPP\IntelliJ IDEA 2023.1.3\bin;;C:\Program Files\Bandizip\;C:\Users\张张\AppData\Roaming\npm;.]上找不到基于APR的Apache Tomcat本机库，该库允许在生产环境中获得最佳性能
11-Jul-2023 09:23:39.466 信息 [main] org.apache.coyote.AbstractProtocol.init 初始化协议处理器 ["http-nio-8080"]
11-Jul-2023 09:23:39.491 严重 [main] org.apache.catalina.util.LifecycleBase.handleSubClassException 初始化组件[Connector[HTTP/1.1-8080]]失败。
	org.apache.catalina.LifecycleException: 协议处理程序初始化失败
		at org.apache.catalina.connector.Connector.initInternal(Connector.java:1011)
		at org.apache.catalina.util.LifecycleBase.init(LifecycleBase.java:136)
		at org.apache.catalina.core.StandardService.initInternal(StandardService.java:549)
		at org.apache.catalina.util.LifecycleBase.init(LifecycleBase.java:136)
		at org.apache.catalina.core.StandardServer.initInternal(StandardServer.java:1040)
		at org.apache.catalina.util.LifecycleBase.init(LifecycleBase.java:136)
		at org.apache.catalina.startup.Catalina.load(Catalina.java:724)
		at org.apache.catalina.startup.Catalina.load(Catalina.java:746)
		at java.base/jdk.internal.reflect.NativeMethodAccessorImpl.invoke0(Native Method)
		at java.base/jdk.internal.reflect.NativeMethodAccessorImpl.invoke(NativeMethodAccessorImpl.java:62)
		at java.base/jdk.internal.reflect.DelegatingMethodAccessorImpl.invoke(DelegatingMethodAccessorImpl.java:43)
		at java.base/java.lang.reflect.Method.invoke(Method.java:566)
		at org.apache.catalina.startup.Bootstrap.load(Bootstrap.java:307)
		at org.apache.catalina.startup.Bootstrap.main(Bootstrap.java:477)
	Caused by: java.net.BindException: Address already in use: bind
		at java.base/sun.nio.ch.Net.bind0(Native Method)
		at java.base/sun.nio.ch.Net.bind(Net.java:459)
		at java.base/sun.nio.ch.Net.bind(Net.java:448)
		at java.base/sun.nio.ch.ServerSocketChannelImpl.bind(ServerSocketChannelImpl.java:227)
		at org.apache.tomcat.util.net.NioEndpoint.initServerSocket(NioEndpoint.java:276)
		at org.apache.tomcat.util.net.NioEndpoint.bind(NioEndpoint.java:231)
		at org.apache.tomcat.util.net.AbstractEndpoint.bindWithCleanup(AbstractEndpoint.java:1324)
		at org.apache.tomcat.util.net.AbstractEndpoint.init(AbstractEndpoint.java:1337)
		at org.apache.coyote.AbstractProtocol.init(AbstractProtocol.java:652)
		at org.apache.coyote.http11.AbstractHttp11Protocol.init(AbstractHttp11Protocol.java:75)
		at org.apache.catalina.connector.Connector.initInternal(Connector.java:1009)
		... 13 more
11-Jul-2023 09:23:39.529 信息 [main] org.apache.catalina.startup.Catalina.load 服务器在[935]毫秒内初始化
11-Jul-2023 09:23:39.620 信息 [main] org.apache.catalina.core.StandardService.startInternal 正在启动服务[Catalina]
11-Jul-2023 09:23:39.626 信息 [main] org.apache.catalina.core.StandardEngine.startInternal 正在启动 Servlet 引擎：[Apache Tomcat/9.0.78]
11-Jul-2023 09:23:39.652 信息 [main] org.apache.catalina.startup.HostConfig.deployDirectory 把web 应用程序部署到目录 [D:\project\01back\apache-tomcat-9.0.78\webapps\docs]
11-Jul-2023 09:23:40.762 警告 [main] org.apache.catalina.util.SessionIdGeneratorBase.createSecureRandom 使用[SHA1PRNG]创建会话ID生成的SecureRandom实例花费了[748]毫秒。
11-Jul-2023 09:23:40.798 信息 [main] org.apache.catalina.startup.HostConfig.deployDirectory Web应用程序目录[D:\project\01back\apache-tomcat-9.0.78\webapps\docs]的部署已在[1,146]毫秒内完成
11-Jul-2023 09:23:40.846 信息 [main] org.apache.catalina.startup.HostConfig.deployDirectory 把web 应用程序部署到目录 [D:\project\01back\apache-tomcat-9.0.78\webapps\examples]
11-Jul-2023 09:23:41.195 信息 [main] org.apache.catalina.startup.HostConfig.deployDirectory Web应用程序目录[D:\project\01back\apache-tomcat-9.0.78\webapps\examples]的部署已在[349]毫秒内完成
11-Jul-2023 09:23:41.196 信息 [main] org.apache.catalina.startup.HostConfig.deployDirectory 把web 应用程序部署到目录 [D:\project\01back\apache-tomcat-9.0.78\webapps\host-manager]
11-Jul-2023 09:23:41.243 信息 [main] org.apache.catalina.startup.HostConfig.deployDirectory Web应用程序目录[D:\project\01back\apache-tomcat-9.0.78\webapps\host-manager]的部署已在[46]毫秒内完成
11-Jul-2023 09:23:41.244 信息 [main] org.apache.catalina.startup.HostConfig.deployDirectory 把web 应用程序部署到目录 [D:\project\01back\apache-tomcat-9.0.78\webapps\manager]
11-Jul-2023 09:23:41.281 信息 [main] org.apache.catalina.startup.HostConfig.deployDirectory Web应用程序目录[D:\project\01back\apache-tomcat-9.0.78\webapps\manager]的部署已在[37]毫秒内完成
11-Jul-2023 09:23:41.281 信息 [main] org.apache.catalina.startup.HostConfig.deployDirectory 把web 应用程序部署到目录 [D:\project\01back\apache-tomcat-9.0.78\webapps\ROOT]
11-Jul-2023 09:23:41.315 信息 [main] org.apache.catalina.startup.HostConfig.deployDirectory Web应用程序目录[D:\project\01back\apache-tomcat-9.0.78\webapps\ROOT]的部署已在[33]毫秒内完成
11-Jul-2023 09:23:41.324 信息 [main] org.apache.catalina.startup.Catalina.start [1794]毫秒后服务器启动
11-Jul-2023 09:25:24.430 信息 [main] org.apache.catalina.startup.VersionLoggerListener.log Server.服务器版本: Apache Tomcat/9.0.78
11-Jul-2023 09:25:24.436 信息 [main] org.apache.catalina.startup.VersionLoggerListener.log 服务器构建:        Jul 4 2023 13:15:43 UTC
11-Jul-2023 09:25:24.438 信息 [main] org.apache.catalina.startup.VersionLoggerListener.log 服务器版本号:      9.0.78.0
11-Jul-2023 09:25:24.439 信息 [main] org.apache.catalina.startup.VersionLoggerListener.log 操作系统名称:      Windows 11
11-Jul-2023 09:25:24.439 信息 [main] org.apache.catalina.startup.VersionLoggerListener.log OS.版本:           10.0
11-Jul-2023 09:25:24.439 信息 [main] org.apache.catalina.startup.VersionLoggerListener.log 架构:              amd64
11-Jul-2023 09:25:24.439 信息 [main] org.apache.catalina.startup.VersionLoggerListener.log Java 环境变量:     C:\Program Files\Java\jdk-11.0.15.1
11-Jul-2023 09:25:24.440 信息 [main] org.apache.catalina.startup.VersionLoggerListener.log Java虚拟机版本:    11.0.15.1+2-LTS-10
11-Jul-2023 09:25:24.440 信息 [main] org.apache.catalina.startup.VersionLoggerListener.log JVM.供应商:        Oracle Corporation
11-Jul-2023 09:25:24.441 信息 [main] org.apache.catalina.startup.VersionLoggerListener.log CATALINA_BASE:     D:\project\01back\apache-tomcat-9.0.78
11-Jul-2023 09:25:24.441 信息 [main] org.apache.catalina.startup.VersionLoggerListener.log CATALINA_HOME:     D:\project\01back\apache-tomcat-9.0.78
11-Jul-2023 09:25:24.459 信息 [main] org.apache.catalina.startup.VersionLoggerListener.log 命令行参数：       --add-opens=java.base/java.lang=ALL-UNNAMED
11-Jul-2023 09:25:24.505 信息 [main] org.apache.catalina.startup.VersionLoggerListener.log 命令行参数：       --add-opens=java.base/java.io=ALL-UNNAMED
11-Jul-2023 09:25:24.505 信息 [main] org.apache.catalina.startup.VersionLoggerListener.log 命令行参数：       --add-opens=java.base/java.util=ALL-UNNAMED
11-Jul-2023 09:25:24.505 信息 [main] org.apache.catalina.startup.VersionLoggerListener.log 命令行参数：       --add-opens=java.base/java.util.concurrent=ALL-UNNAMED
11-Jul-2023 09:25:24.505 信息 [main] org.apache.catalina.startup.VersionLoggerListener.log 命令行参数：       --add-opens=java.rmi/sun.rmi.transport=ALL-UNNAMED
11-Jul-2023 09:25:24.506 信息 [main] org.apache.catalina.startup.VersionLoggerListener.log 命令行参数：       -Djava.util.logging.config.file=D:\project\01back\apache-tomcat-9.0.78\conf\logging.properties
11-Jul-2023 09:25:24.506 信息 [main] org.apache.catalina.startup.VersionLoggerListener.log 命令行参数：       -Djava.util.logging.manager=org.apache.juli.ClassLoaderLogManager
11-Jul-2023 09:25:24.507 信息 [main] org.apache.catalina.startup.VersionLoggerListener.log 命令行参数：       -Djdk.tls.ephemeralDHKeySize=2048
11-Jul-2023 09:25:24.507 信息 [main] org.apache.catalina.startup.VersionLoggerListener.log 命令行参数：       -Djava.protocol.handler.pkgs=org.apache.catalina.webresources
11-Jul-2023 09:25:24.508 信息 [main] org.apache.catalina.startup.VersionLoggerListener.log 命令行参数：       -Dignore.endorsed.dirs=
11-Jul-2023 09:25:24.509 信息 [main] org.apache.catalina.startup.VersionLoggerListener.log 命令行参数：       -Dcatalina.base=D:\project\01back\apache-tomcat-9.0.78
11-Jul-2023 09:25:24.509 信息 [main] org.apache.catalina.startup.VersionLoggerListener.log 命令行参数：       -Dcatalina.home=D:\project\01back\apache-tomcat-9.0.78
11-Jul-2023 09:25:24.510 信息 [main] org.apache.catalina.startup.VersionLoggerListener.log 命令行参数：       -Djava.io.tmpdir=D:\project\01back\apache-tomcat-9.0.78\temp
11-Jul-2023 09:25:24.521 信息 [main] org.apache.catalina.core.AprLifecycleListener.lifecycleEvent 在java.library.path:[C:\Program Files\Java\jdk-11.0.15.1\bin;C:\Windows\Sun\Java\bin;C:\Windows\system32;C:\Windows;C:\Program Files\Java\jdk-11.0.15.1\bin:C:\Program Files\Common Files\Oracle\Java\javapath;C:\Windows\system32;C:\Windows;C:\Windows\System32\Wbem;C:\Windows\System32\WindowsPowerShell\v1.0\;C:\Windows\System32\OpenSSH\;C:\Program Files (x86)\NVIDIA Corporation\PhysX\Common;C:\Program Files\NVIDIA Corporation\NVIDIA NvDLISR;C:\Windows\system32;C:\Windows;C:\Windows\System32\Wbem;C:\Windows\System32\WindowsPowerShell\v1.0\;C:\Windows\System32\OpenSSH\;E:\软件\python环境;D:\;rogram Files\MySQL\MySQL Server 8.0\bin;E:\installAPP\node\;E:\BaiduNetdiskDownload\antdownload 3.0.6;E:\installAPP\mongodb\bin\mongodb-database-tools-windows-x86_64-100.5.3\bin;E:\installAPP\python2.7;E:\installAPP\Xshell\;E:\installAPP\Redis-x64-3.0.504;E:\软件\微信web开发者工具\dll;%MAVEN_H;ME%\bin;C:\Program Files\Java\jdk-11.0.15.1\bin;C:\Program Files\Java\jdk-11.0.15.1\jre\bin;C:\Program Files\Git\cmd;C:\Users\张张\AppData\Local\Programs\Python\Python310\Scripts\;C:\Users\张张\AppData\Local\Programs\Python\Python310\;E:\软件\Scripts\;E:\软件\;C:\Users\张张\AppData\Local\Microsoft\WindowsApps;E:\installAPP\PyCharm Community Edition 2023.1.3\bin;;E:\installAPP\WebStorm 2022.3.1\bin;;E:\软件\datagrip\DataGrip 2021.2.4\bin;;E:\installAPP\IntelliJ IDEA 2023.1.3\bin;;C:\Program Files\Bandizip\;C:\Users\张张\AppData\Roaming\npm;.]上找不到基于APR的Apache Tomcat本机库，该库允许在生产环境中获得最佳性能
11-Jul-2023 09:25:25.003 信息 [main] org.apache.coyote.AbstractProtocol.init 初始化协议处理器 ["http-nio-8080"]
11-Jul-2023 09:25:25.044 信息 [main] org.apache.catalina.startup.Catalina.load 服务器在[954]毫秒内初始化
11-Jul-2023 09:25:25.138 信息 [main] org.apache.catalina.core.StandardService.startInternal 正在启动服务[Catalina]
11-Jul-2023 09:25:25.139 信息 [main] org.apache.catalina.core.StandardEngine.startInternal 正在启动 Servlet 引擎：[Apache Tomcat/9.0.78]
11-Jul-2023 09:25:25.153 信息 [main] org.apache.catalina.startup.HostConfig.deployDirectory 把web 应用程序部署到目录 [D:\project\01back\apache-tomcat-9.0.78\webapps\docs]
11-Jul-2023 09:25:26.293 警告 [main] org.apache.catalina.util.SessionIdGeneratorBase.createSecureRandom 使用[SHA1PRNG]创建会话ID生成的SecureRandom实例花费了[740]毫秒。
11-Jul-2023 09:25:26.324 信息 [main] org.apache.catalina.startup.HostConfig.deployDirectory Web应用程序目录[D:\project\01back\apache-tomcat-9.0.78\webapps\docs]的部署已在[1,170]毫秒内完成
11-Jul-2023 09:25:26.325 信息 [main] org.apache.catalina.startup.HostConfig.deployDirectory 把web 应用程序部署到目录 [D:\project\01back\apache-tomcat-9.0.78\webapps\examples]
11-Jul-2023 09:25:26.824 信息 [main] org.apache.catalina.startup.HostConfig.deployDirectory Web应用程序目录[D:\project\01back\apache-tomcat-9.0.78\webapps\examples]的部署已在[499]毫秒内完成
11-Jul-2023 09:25:26.825 信息 [main] org.apache.catalina.startup.HostConfig.deployDirectory 把web 应用程序部署到目录 [D:\project\01back\apache-tomcat-9.0.78\webapps\host-manager]
11-Jul-2023 09:25:26.880 信息 [main] org.apache.catalina.startup.HostConfig.deployDirectory Web应用程序目录[D:\project\01back\apache-tomcat-9.0.78\webapps\host-manager]的部署已在[55]毫秒内完成
11-Jul-2023 09:25:26.881 信息 [main] org.apache.catalina.startup.HostConfig.deployDirectory 把web 应用程序部署到目录 [D:\project\01back\apache-tomcat-9.0.78\webapps\manager]
11-Jul-2023 09:25:26.931 信息 [main] org.apache.catalina.startup.HostConfig.deployDirectory Web应用程序目录[D:\project\01back\apache-tomcat-9.0.78\webapps\manager]的部署已在[50]毫秒内完成
11-Jul-2023 09:25:26.932 信息 [main] org.apache.catalina.startup.HostConfig.deployDirectory 把web 应用程序部署到目录 [D:\project\01back\apache-tomcat-9.0.78\webapps\ROOT]
11-Jul-2023 09:25:26.972 信息 [main] org.apache.catalina.startup.HostConfig.deployDirectory Web应用程序目录[D:\project\01back\apache-tomcat-9.0.78\webapps\ROOT]的部署已在[40]毫秒内完成
11-Jul-2023 09:25:26.980 信息 [main] org.apache.coyote.AbstractProtocol.start 开始协议处理句柄["http-nio-8080"]
11-Jul-2023 09:25:28.094 信息 [main] org.apache.catalina.startup.Catalina.start [3048]毫秒后服务器启动
